<?xml version='1.0' encoding='UTF-8'?>
<testsuite hostname="DESKTOP-6V7JH4P" name="Hw1Test" tests="7" errors="0" failures="0" skipped="0" time="0.027" timestamp="2021-10-14T14:32:49">
                     <properties>
      <property name="awt.toolkit" value="sun.awt.windows.WToolkit"/><property name="java.specification.version" value="11"/><property name="sun.cpu.isalist" value="amd64"/><property name="sun.jnu.encoding" value="MS949"/><property name="sun.arch.data.model" value="64"/><property name="java.vendor.url" value="https://adoptium.net/"/><property name="sun.boot.library.path" value="C:\Program Files\Eclipse Foundation\jdk-11.0.12.7-hotspot\bin"/><property name="sun.java.command" value="xsbt.boot.Boot"/><property name="jdk.debug" value="release"/><property name="sun.stderr.encoding" value="ms949"/><property name="java.specification.vendor" value="Oracle Corporation"/><property name="java.version.date" value="2021-07-20"/><property name="java.home" value="C:\Program Files\Eclipse Foundation\jdk-11.0.12.7-hotspot"/><property name="file.separator" value="\"/><property name="java.vm.compressedOopsMode" value="32-bit"/><property name="line.separator" value="
"/><property name="sun.stdout.encoding" value="ms949"/><property name="java.specification.name" value="Java Platform API Specification"/><property name="java.vm.specification.vendor" value="Oracle Corporation"/><property name="user.script" value=""/><property name="sun.management.compiler" value="HotSpot 64-Bit Tiered Compilers"/><property name="java.runtime.version" value="11.0.12+7"/><property name="user.name" value="kym00"/><property name="log4j.ignoreTCL" value="true"/><property name="file.encoding" value="UTF-8"/><property name="jnidispatch.path" value="C:\Users\kym00\AppData\Local\Temp\jna-102527743\jna6911292128944836490.dll"/><property name="java.vendor.version" value="Temurin-11.0.12+7"/><property name="jna.loaded" value="true"/><property name="java.io.tmpdir" value="C:\Users\kym00\AppData\Local\Temp\"/><property name="java.version" value="11.0.12"/><property name="java.vm.specification.name" value="Java Virtual Machine Specification"/><property name="java.awt.printerjob" value="sun.awt.windows.WPrinterJob"/><property name="sun.os.patch.level" value=""/><property name="java.library.path" value="C:\Program Files\Eclipse Foundation\jdk-11.0.12.7-hotspot\bin;C:\Windows\Sun\Java\bin;C:\Windows\system32;C:\Windows;C:\Program Files\Eclipse Foundation\jdk-11.0.12.7-hotspot\bin;C:\Program Files (x86)\NVIDIA Corporation\PhysX\Common;C:\Program Files (x86)\Common Files\Intel\Shared Libraries\redist\intel64\compiler;C:\Windows\system32;C:\Windows;C:\Windows\System32\Wbem;C:\Windows\System32\WindowsPowerShell\v1.0\;C:\Windows\System32\OpenSSH\;C:\Program Files\NVIDIA Corporation\NVIDIA NvDLISR;C:\Program Files\Microsoft SQL Server\Client SDK\ODBC\110\Tools\Binn\;C:\Program Files (x86)\Microsoft SQL Server\120\Tools\Binn\;C:\Program Files\Microsoft SQL Server\120\Tools\Binn\;C:\Program Files\Microsoft SQL Server\120\DTS\Binn\;C:\Program Files (x86)\Windows Kits\8.1\Windows Performance Toolkit\;C:\Program Files\Git\cmd;C:\Program Files\PuTTY\;C:\Users\kym00\AppData\Local\Microsoft\WindowsApps;C:\Program Files\Bandizip\;C:\Users\kym00\AppData\Local\Programs\Microsoft VS Code\bin;."/><property name="java.vendor" value="Eclipse Foundation"/><property name="scala.ext.dirs" value="C:\Users\kym00\.sbt\0.13\java9-rt-ext-eclipse_foundation_11_0_12"/><property name="sun.io.unicode.encoding" value="UnicodeLittle"/><property name="sun.desktop" value="windows"/><property name="java.class.path" value="C:\Users\kym00\Desktop\2021Fall\PPL\hw1\sbt\bin\sbt-launch.jar"/><property name="java.vm.vendor" value="Eclipse Foundation"/><property name="user.variant" value=""/><property name="jline.shutdownhook" value="false"/><property name="user.timezone" value="Asia/Seoul"/><property name="os.name" value="Windows 10"/><property name="java.vm.specification.version" value="11"/><property name="sun.java.launcher" value="SUN_STANDARD"/><property name="user.country" value="KR"/><property name="sun.cpu.endian" value="little"/><property name="user.home" value="C:\Users\kym00"/><property name="user.language" value="ko"/><property name="swoval.tmpdir" value="C:\Users\kym00\.sbt\1.0"/><property name="java.awt.graphicsenv" value="sun.awt.Win32GraphicsEnvironment"/><property name="jline.esc.timeout" value="0"/><property name="path.separator" value=";"/><property name="os.version" value="10.0"/><property name="jna.nosys" value="true"/><property name="java.runtime.name" value="OpenJDK Runtime Environment"/><property name="java.vm.name" value="OpenJDK 64-Bit Server VM"/><property name="java.vendor.url.bug" value="https://github.com/adoptium/adoptium-support/issues"/><property name="user.dir" value="C:\Users\kym00\Desktop\2021Fall\PPL\hw1"/><property name="os.arch" value="amd64"/><property name="java.vm.info" value="mixed mode"/><property name="java.vm.version" value="11.0.12+7"/><property name="java.class.version" value="55.0"/>
    </properties>
                     <testcase classname="Hw1Test" name="Hw1.gcd" time="0.018">
                                                 
                                               </testcase><testcase classname="Hw1Test" name="Hw1.oddSum" time="0.001">
                                                 
                                               </testcase><testcase classname="Hw1Test" name="Hw1.foldRight" time="0.002">
                                                 
                                               </testcase><testcase classname="Hw1Test" name="Hw1.map" time="0.0">
                                                 
                                               </testcase><testcase classname="Hw1Test" name="Hw1.iter" time="0.001">
                                                 
                                               </testcase><testcase classname="Hw1Test" name="Hw1.insert" time="0.001">
                                                 
                                               </testcase><testcase classname="Hw1Test" name="Hw1.eval" time="0.004">
                                                 
                                               </testcase>
                     <system-out><![CDATA[]]></system-out>
                     <system-err><![CDATA[]]></system-err>
                   </testsuite>